<?xml version="1.0" encoding="UTF-8"?>
<robot generator="Robot 7.2.2 (Python 3.13.2 on win32)" generated="2025-06-13T11:33:27.197317" rpa="false" schemaversion="5">
<suite id="s1" name="HLK" source="C:\RfGithub\HLK.robot">
<kw name="Log" owner="BuiltIn" type="SETUP">
<msg time="2025-06-13T11:33:40.467749" level="INFO">Starting CANoe Test Suite</msg>
<arg>Starting CANoe Test Suite</arg>
<doc>Logs the given message with the given level.</doc>
<status status="PASS" start="2025-06-13T11:33:40.467297" elapsed="0.000596"/>
</kw>
<test id="s1-t1" name="Execute CANoe Tests" line="140">
<kw name="HLK Load Configuration">
<kw name="load_configuration" owner="CanoeSync">
<msg time="2025-06-13T11:33:43.919857" level="INFO">Configuration: C:\RfGithub\02_canoe_tc\PythonBasic.cfg is opened
Opening:  C:\RfGithub\02_canoe_tc\PythonBasic.cfg
Configuration: C:\RfGithub\02_canoe_tc\PythonBasic.cfg is opened</msg>
<arg>${cfg_path}</arg>
<doc>加载 CANoe 配置文件（.cfg 文件）</doc>
<status status="PASS" start="2025-06-13T11:33:40.470522" elapsed="3.449414"/>
</kw>
<kw name="Log" owner="BuiltIn">
<msg time="2025-06-13T11:33:43.921080" level="INFO">Loaded configuration: C:\RfGithub\02_canoe_tc\PythonBasic.cfg</msg>
<arg>Loaded configuration: ${cfg_path}</arg>
<doc>Logs the given message with the given level.</doc>
<status status="PASS" start="2025-06-13T11:33:43.920080" elapsed="0.001122"/>
</kw>
<arg>${CONFIG_PATH}</arg>
<doc>Loads CANoe configuration file</doc>
<status status="PASS" start="2025-06-13T11:33:40.469575" elapsed="3.451727"/>
</kw>
<kw name="Sleep" owner="BuiltIn">
<msg time="2025-06-13T11:33:46.923467" level="INFO">Slept 3 seconds.</msg>
<arg>3s</arg>
<doc>Pauses the test executed for the given time.</doc>
<status status="PASS" start="2025-06-13T11:33:43.921870" elapsed="3.001885"/>
</kw>
<kw name="HLK Reset CANoe Environment">
<kw name="reset_environment" owner="CanoeSync">
<msg time="2025-06-13T11:33:46.938643" level="INFO">[INFO] All test environments removed.</msg>
<doc>重置 CANoe 测试环境（清除所有已加载的 .tse）</doc>
<status status="PASS" start="2025-06-13T11:33:46.929582" elapsed="0.009138"/>
</kw>
<kw name="Log" owner="BuiltIn">
<msg time="2025-06-13T11:33:46.939641" level="INFO">CANoe environment reset completed</msg>
<arg>CANoe environment reset completed</arg>
<doc>Logs the given message with the given level.</doc>
<status status="PASS" start="2025-06-13T11:33:46.938885" elapsed="0.000978"/>
</kw>
<doc>Resets CANoe test environment</doc>
<status status="PASS" start="2025-06-13T11:33:46.924655" elapsed="0.015418"/>
</kw>
<kw name="Sleep" owner="BuiltIn">
<msg time="2025-06-13T11:33:48.942342" level="INFO">Slept 2 seconds.</msg>
<arg>2s</arg>
<doc>Pauses the test executed for the given time.</doc>
<status status="PASS" start="2025-06-13T11:33:46.940636" elapsed="2.002039"/>
</kw>
<kw name="HLK Load Test Modules">
<kw name="load_test_setup" owner="CanoeSync">
<msg time="2025-06-13T11:33:49.099958" level="INFO">TestSetup acquired: &lt;win32com.gen_py.CANoe 17.5 Type Library.ITestSetup instance at 0x2694252569744&gt;
Loading test environment from: C:\RfGithub\02_canoe_tc\TestEnvironments\Test Environment.tse
Test environment loaded successfully</msg>
<arg>${tse_path}</arg>
<doc>加载 CANoe 测试模块（Test Module，.tse 文件），用于配置测试环境</doc>
<status status="PASS" start="2025-06-13T11:33:48.944256" elapsed="0.155903"/>
</kw>
<kw name="Log" owner="BuiltIn">
<msg time="2025-06-13T11:33:49.101952" level="INFO">Test modules loaded: C:\RfGithub\02_canoe_tc\TestEnvironments\Test Environment.tse</msg>
<arg>Test modules loaded: ${tse_path}</arg>
<doc>Logs the given message with the given level.</doc>
<status status="PASS" start="2025-06-13T11:33:49.100633" elapsed="0.001636"/>
</kw>
<arg>${TEST_MODULE_PATH}</arg>
<doc>Loads test modules into CANoe</doc>
<status status="PASS" start="2025-06-13T11:33:48.943761" elapsed="0.158625"/>
</kw>
<kw name="Sleep" owner="BuiltIn">
<msg time="2025-06-13T11:33:50.103621" level="INFO">Slept 1 second.</msg>
<arg>1s</arg>
<doc>Pauses the test executed for the given time.</doc>
<status status="PASS" start="2025-06-13T11:33:49.102666" elapsed="1.001336"/>
</kw>
<kw name="HLK Start Measurement">
<kw name="start_measurement" owner="CanoeSync">
<msg time="2025-06-13T11:33:51.531967" level="INFO">&lt; measurement init &gt;
&lt; measurement started &gt;</msg>
<doc>启动 CANoe 测量</doc>
<status status="PASS" start="2025-06-13T11:33:50.105562" elapsed="1.426508"/>
</kw>
<kw name="Log" owner="BuiltIn">
<msg time="2025-06-13T11:33:51.533027" level="INFO">Measurement started</msg>
<arg>Measurement started</arg>
<doc>Logs the given message with the given level.</doc>
<status status="PASS" start="2025-06-13T11:33:51.532311" elapsed="0.000974"/>
</kw>
<doc>Starts CANoe measurement</doc>
<status status="PASS" start="2025-06-13T11:33:50.104882" elapsed="1.428619"/>
</kw>
<kw name="Sleep" owner="BuiltIn">
<msg time="2025-06-13T11:33:56.536164" level="INFO">Slept 5 seconds.</msg>
<arg>5s</arg>
<doc>Pauses the test executed for the given time.</doc>
<status status="PASS" start="2025-06-13T11:33:51.534337" elapsed="5.002285"/>
</kw>
<kw name="HLK Run Test Modules">
<kw name="run_test_module" owner="CanoeSync">
<msg time="2025-06-13T11:34:02.986818" level="INFO">&lt; MessageCycleTime  started &gt;
&lt; Display  started &gt;
&lt; EngineTest1  started &gt;
&lt; EngineTest2  started &gt;
&lt; HazardLight  started &gt;
&lt; HazardLight  stopped &gt;
&lt; Display  stopped &gt;
&lt; EngineTest2  stopped &gt;
&lt; EngineTest1  stopped &gt;
&lt; MessageCycleTime  stopped &gt;</msg>
<status status="PASS" start="2025-06-13T11:33:56.539023" elapsed="6.447952"/>
</kw>
<kw name="Log" owner="BuiltIn">
<msg time="2025-06-13T11:34:02.988590" level="INFO">Test modules execution started</msg>
<arg>Test modules execution started</arg>
<doc>Logs the given message with the given level.</doc>
<status status="PASS" start="2025-06-13T11:34:02.987307" elapsed="0.001547"/>
</kw>
<doc>Executes all loaded test modules</doc>
<status status="PASS" start="2025-06-13T11:33:56.538066" elapsed="6.451000"/>
</kw>
<kw name="Sleep" owner="BuiltIn">
<msg time="2025-06-13T11:34:17.991613" level="INFO">Slept 15 seconds.</msg>
<arg>15s</arg>
<doc>Pauses the test executed for the given time.</doc>
<status status="PASS" start="2025-06-13T11:34:02.990005" elapsed="15.001813"/>
</kw>
<kw name="HLK Verify Test Execution">
<kw name="Get File" owner="OperatingSystem">
<msg time="2025-06-13T11:34:17.993332" level="INFO" html="true">Getting file '&lt;a href="file://C:\RfGithub\04_logs\test_output.log"&gt;C:\RfGithub\04_logs\test_output.log&lt;/a&gt;'.</msg>
<msg time="2025-06-13T11:34:18.021337" level="INFO">${output} = Opening: C:\Users\admin\Desktop\Home\24_Devops\07_CANoeRF_Frozen\02_canoe_tc\PythonBasic.cfg
Loading test setup: C:\Users\admin\Desktop\Home\24_Devops\07_CANoeRF_Frozen\02_canoe_tc\TestEnvironments\Te...</msg>
<var>${output}</var>
<arg>${LOG_FILE}</arg>
<doc>Returns the contents of a specified file.</doc>
<status status="PASS" start="2025-06-13T11:34:17.992742" elapsed="0.028690"/>
</kw>
<kw name="Should Contain" owner="BuiltIn">
<arg>${output}</arg>
<arg>measurement started</arg>
<doc>Fails if ``container`` does not contain ``item`` one or more times.</doc>
<status status="PASS" start="2025-06-13T11:34:18.021852" elapsed="0.001079"/>
</kw>
<kw name="Should Contain" owner="BuiltIn">
<arg>${output}</arg>
<arg>measurement stopped</arg>
<doc>Fails if ``container`` does not contain ``item`` one or more times.</doc>
<status status="PASS" start="2025-06-13T11:34:18.023119" elapsed="0.000622"/>
</kw>
<kw name="Log" owner="BuiltIn">
<msg time="2025-06-13T11:34:18.024332" level="INFO">Test execution verified</msg>
<arg>Test execution verified</arg>
<doc>Logs the given message with the given level.</doc>
<status status="PASS" start="2025-06-13T11:34:18.023891" elapsed="0.001524"/>
</kw>
<doc>Verifies test results</doc>
<status status="PASS" start="2025-06-13T11:34:17.992336" elapsed="0.033276"/>
</kw>
<doc>Main test case for CANoe automation</doc>
<timeout value="5 minutes"/>
<status status="PASS" start="2025-06-13T11:33:40.468293" elapsed="37.557944"/>
</test>
<kw name="Run Keywords" owner="BuiltIn" type="TEARDOWN">
<kw name="HLK Stop Measurement">
<kw name="stop_measurement" owner="CanoeSync">
<msg time="2025-06-13T11:34:18.935163" level="INFO">&lt; measurement stopped &gt;</msg>
<doc>停止 CANoe 测量</doc>
<status status="PASS" start="2025-06-13T11:34:18.028769" elapsed="0.906516"/>
</kw>
<kw name="Log" owner="BuiltIn">
<msg time="2025-06-13T11:34:18.935647" level="INFO">Measurement stopped</msg>
<arg>Measurement stopped</arg>
<doc>Logs the given message with the given level.</doc>
<status status="PASS" start="2025-06-13T11:34:18.935473" elapsed="0.000237"/>
</kw>
<doc>Stops CANoe measurement</doc>
<status status="PASS" start="2025-06-13T11:34:18.028318" elapsed="0.907500"/>
</kw>
<kw name="Log" owner="BuiltIn">
<msg time="2025-06-13T11:34:18.936376" level="INFO">Test Suite Completed</msg>
<arg>Test Suite Completed</arg>
<doc>Logs the given message with the given level.</doc>
<status status="PASS" start="2025-06-13T11:34:18.936139" elapsed="0.000355"/>
</kw>
<arg>HLK Stop Measurement</arg>
<arg>AND</arg>
<arg>Log</arg>
<arg>Test Suite Completed</arg>
<doc>Executes all the given keywords in a sequence.</doc>
<status status="PASS" start="2025-06-13T11:34:18.027733" elapsed="0.908926"/>
</kw>
<doc>HLK Test Suite - CANoe Automated Tests</doc>
<status status="PASS" start="2025-06-13T11:33:27.198169" elapsed="51.738622"/>
</suite>
<statistics>
<total>
<stat pass="1" fail="0" skip="0">All Tests</stat>
</total>
<tag>
</tag>
<suite>
<stat name="HLK" id="s1" pass="1" fail="0" skip="0">HLK</stat>
</suite>
</statistics>
<errors>
</errors>
</robot>
