<?xml version="1.0" encoding="UTF-8"?>
<robot generator="Robot 7.2.2 (Python 3.13.2 on win32)" generated="2025-06-13T11:21:53.754504" rpa="false" schemaversion="5">
<suite id="s1" name="HLK" source="C:\RfGithub\HLK.robot">
<kw name="Log" owner="BuiltIn" type="SETUP">
<msg time="2025-06-13T11:23:33.065696" level="INFO">Starting CANoe Test Suite</msg>
<arg>Starting CANoe Test Suite</arg>
<doc>Logs the given message with the given level.</doc>
<status status="PASS" start="2025-06-13T11:23:33.064480" elapsed="0.001325"/>
</kw>
<test id="s1-t1" name="Execute CANoe Tests" line="140">
<kw name="HLK Load Configuration">
<kw name="load_configuration" owner="CanoeSync">
<msg time="2025-06-13T11:23:40.504444" level="INFO">Opening:  C:\RfGithub\02_canoe_tc\PythonBasic.cfg</msg>
<arg>${cfg_path}</arg>
<doc>加载 CANoe 配置文件（.cfg 文件）</doc>
<status status="PASS" start="2025-06-13T11:23:33.069504" elapsed="7.435090"/>
</kw>
<kw name="Log" owner="BuiltIn">
<msg time="2025-06-13T11:23:40.506044" level="INFO">Loaded configuration: C:\RfGithub\02_canoe_tc\PythonBasic.cfg</msg>
<arg>Loaded configuration: ${cfg_path}</arg>
<doc>Logs the given message with the given level.</doc>
<status status="PASS" start="2025-06-13T11:23:40.504865" elapsed="0.001337"/>
</kw>
<arg>${CONFIG_PATH}</arg>
<doc>Loads CANoe configuration file</doc>
<status status="PASS" start="2025-06-13T11:23:33.068575" elapsed="7.437822"/>
</kw>
<kw name="Sleep" owner="BuiltIn">
<msg time="2025-06-13T11:23:43.509029" level="INFO">Slept 3 seconds.</msg>
<arg>3s</arg>
<doc>Pauses the test executed for the given time.</doc>
<status status="PASS" start="2025-06-13T11:23:40.507132" elapsed="3.002312"/>
</kw>
<kw name="HLK Reset CANoe Environment">
<kw name="reset_environment" owner="CanoeSync">
<msg time="2025-06-13T11:23:43.560508" level="INFO">Configuration: C:\RfGithub\02_canoe_tc\PythonBasic.cfg is opened
[INFO] All test environments removed.</msg>
<doc>重置 CANoe 测试环境（清除所有已加载的 .tse）</doc>
<status status="PASS" start="2025-06-13T11:23:43.526443" elapsed="0.034251"/>
</kw>
<kw name="Log" owner="BuiltIn">
<msg time="2025-06-13T11:23:43.562590" level="INFO">CANoe environment reset completed</msg>
<arg>CANoe environment reset completed</arg>
<doc>Logs the given message with the given level.</doc>
<status status="PASS" start="2025-06-13T11:23:43.561131" elapsed="0.001667"/>
</kw>
<doc>Resets CANoe test environment</doc>
<status status="PASS" start="2025-06-13T11:23:43.511719" elapsed="0.051318"/>
</kw>
<kw name="Sleep" owner="BuiltIn">
<msg time="2025-06-13T11:23:45.566346" level="INFO">Slept 2 seconds.</msg>
<arg>2s</arg>
<doc>Pauses the test executed for the given time.</doc>
<status status="PASS" start="2025-06-13T11:23:43.564641" elapsed="2.002047"/>
</kw>
<kw name="HLK Load Test Modules">
<kw name="load_test_setup" owner="CanoeSync">
<msg time="2025-06-13T11:23:45.836989" level="INFO">TestSetup acquired: &lt;win32com.gen_py.CANoe 17.5 Type Library.ITestSetup instance at 0x2187593622992&gt;
Loading test environment from: C:\RfGithub\02_canoe_tc\TestEnvironments\Test Environment.tse
Test environment loaded successfully</msg>
<arg>${tse_path}</arg>
<doc>加载 CANoe 测试模块（Test Module，.tse 文件），用于配置测试环境</doc>
<status status="PASS" start="2025-06-13T11:23:45.568481" elapsed="0.268580"/>
</kw>
<kw name="Log" owner="BuiltIn">
<msg time="2025-06-13T11:23:45.838499" level="INFO">Test modules loaded: C:\RfGithub\02_canoe_tc\TestEnvironments\Test Environment.tse</msg>
<arg>Test modules loaded: ${tse_path}</arg>
<doc>Logs the given message with the given level.</doc>
<status status="PASS" start="2025-06-13T11:23:45.837205" elapsed="0.001545"/>
</kw>
<arg>${TEST_MODULE_PATH}</arg>
<doc>Loads test modules into CANoe</doc>
<status status="PASS" start="2025-06-13T11:23:45.567846" elapsed="0.271129"/>
</kw>
<kw name="Sleep" owner="BuiltIn">
<msg time="2025-06-13T11:23:46.840639" level="INFO">Slept 1 second.</msg>
<arg>1s</arg>
<doc>Pauses the test executed for the given time.</doc>
<status status="PASS" start="2025-06-13T11:23:45.839559" elapsed="1.001426"/>
</kw>
<kw name="HLK Start Measurement">
<kw name="start_measurement" owner="CanoeSync">
<msg time="2025-06-13T11:23:50.876169" level="INFO">&lt; measurement init &gt;
&lt; measurement started &gt;</msg>
<doc>启动 CANoe 测量</doc>
<status status="PASS" start="2025-06-13T11:23:46.842787" elapsed="4.033636"/>
</kw>
<kw name="Log" owner="BuiltIn">
<msg time="2025-06-13T11:23:50.878221" level="INFO">Measurement started</msg>
<arg>Measurement started</arg>
<doc>Logs the given message with the given level.</doc>
<status status="PASS" start="2025-06-13T11:23:50.876866" elapsed="0.001615"/>
</kw>
<doc>Starts CANoe measurement</doc>
<status status="PASS" start="2025-06-13T11:23:46.842226" elapsed="4.036477"/>
</kw>
<kw name="Sleep" owner="BuiltIn">
<msg time="2025-06-13T11:23:55.882147" level="INFO">Slept 5 seconds.</msg>
<arg>5s</arg>
<doc>Pauses the test executed for the given time.</doc>
<status status="PASS" start="2025-06-13T11:23:50.879335" elapsed="5.003202"/>
</kw>
<kw name="HLK Run Test Modules">
<kw name="run_test_module" owner="CanoeSync">
<msg time="2025-06-13T11:24:01.020984" level="INFO">&lt; MessageCycleTime  started &gt;
&lt; Display  started &gt;
&lt; EngineTest1  started &gt;
&lt; EngineTest2  started &gt;
&lt; HazardLight  started &gt;
&lt; HazardLight  stopped &gt;
&lt; Display  stopped &gt;
&lt; EngineTest2  stopped &gt;
&lt; EngineTest1  stopped &gt;
&lt; MessageCycleTime  stopped &gt;</msg>
<status status="PASS" start="2025-06-13T11:23:55.887378" elapsed="5.133857"/>
</kw>
<kw name="Log" owner="BuiltIn">
<msg time="2025-06-13T11:24:01.022699" level="INFO">Test modules execution started</msg>
<arg>Test modules execution started</arg>
<doc>Logs the given message with the given level.</doc>
<status status="PASS" start="2025-06-13T11:24:01.021661" elapsed="0.001199"/>
</kw>
<doc>Executes all loaded test modules</doc>
<status status="PASS" start="2025-06-13T11:23:55.886789" elapsed="5.136199"/>
</kw>
<kw name="Sleep" owner="BuiltIn">
<msg time="2025-06-13T11:24:16.025903" level="INFO">Slept 15 seconds.</msg>
<arg>15s</arg>
<doc>Pauses the test executed for the given time.</doc>
<status status="PASS" start="2025-06-13T11:24:01.024050" elapsed="15.002716"/>
</kw>
<kw name="HLK Verify Test Execution">
<kw name="Get File" owner="OperatingSystem">
<msg time="2025-06-13T11:24:16.029896" level="INFO" html="true">Getting file '&lt;a href="file://C:\RfGithub\04_logs\test_output.log"&gt;C:\RfGithub\04_logs\test_output.log&lt;/a&gt;'.</msg>
<msg time="2025-06-13T11:24:16.061385" level="INFO">${output} = Opening: C:\Users\admin\Desktop\Home\24_Devops\07_CANoeRF_Frozen\02_canoe_tc\PythonBasic.cfg
Loading test setup: C:\Users\admin\Desktop\Home\24_Devops\07_CANoeRF_Frozen\02_canoe_tc\TestEnvironments\Te...</msg>
<var>${output}</var>
<arg>${LOG_FILE}</arg>
<doc>Returns the contents of a specified file.</doc>
<status status="PASS" start="2025-06-13T11:24:16.028641" elapsed="0.032802"/>
</kw>
<kw name="Should Contain" owner="BuiltIn">
<arg>${output}</arg>
<arg>measurement started</arg>
<doc>Fails if ``container`` does not contain ``item`` one or more times.</doc>
<status status="PASS" start="2025-06-13T11:24:16.061883" elapsed="0.001842"/>
</kw>
<kw name="Should Contain" owner="BuiltIn">
<arg>${output}</arg>
<arg>measurement stopped</arg>
<doc>Fails if ``container`` does not contain ``item`` one or more times.</doc>
<status status="PASS" start="2025-06-13T11:24:16.064200" elapsed="0.000987"/>
</kw>
<kw name="Log" owner="BuiltIn">
<msg time="2025-06-13T11:24:16.066545" level="INFO">Test execution verified</msg>
<arg>Test execution verified</arg>
<doc>Logs the given message with the given level.</doc>
<status status="PASS" start="2025-06-13T11:24:16.065356" elapsed="0.001411"/>
</kw>
<doc>Verifies test results</doc>
<status status="PASS" start="2025-06-13T11:24:16.027897" elapsed="0.039070"/>
</kw>
<doc>Main test case for CANoe automation</doc>
<timeout value="5 minutes"/>
<status status="PASS" start="2025-06-13T11:23:33.067049" elapsed="43.000799"/>
</test>
<kw name="Run Keywords" owner="BuiltIn" type="TEARDOWN">
<kw name="HLK Stop Measurement">
<kw name="stop_measurement" owner="CanoeSync">
<msg time="2025-06-13T11:24:16.577630" level="INFO">&lt; measurement stopped &gt;</msg>
<doc>停止 CANoe 测量</doc>
<status status="PASS" start="2025-06-13T11:24:16.072230" elapsed="0.505594"/>
</kw>
<kw name="Log" owner="BuiltIn">
<msg time="2025-06-13T11:24:16.578633" level="INFO">Measurement stopped</msg>
<arg>Measurement stopped</arg>
<doc>Logs the given message with the given level.</doc>
<status status="PASS" start="2025-06-13T11:24:16.578211" elapsed="0.000560"/>
</kw>
<doc>Stops CANoe measurement</doc>
<status status="PASS" start="2025-06-13T11:24:16.070854" elapsed="0.508103"/>
</kw>
<kw name="Log" owner="BuiltIn">
<msg time="2025-06-13T11:24:16.579447" level="INFO">Test Suite Completed</msg>
<arg>Test Suite Completed</arg>
<doc>Logs the given message with the given level.</doc>
<status status="PASS" start="2025-06-13T11:24:16.579308" elapsed="0.000272"/>
</kw>
<arg>HLK Stop Measurement</arg>
<arg>AND</arg>
<arg>Log</arg>
<arg>Test Suite Completed</arg>
<doc>Executes all the given keywords in a sequence.</doc>
<status status="PASS" start="2025-06-13T11:24:16.070211" elapsed="0.509458"/>
</kw>
<doc>HLK Test Suite - CANoe Automated Tests</doc>
<status status="PASS" start="2025-06-13T11:21:53.755587" elapsed="142.824142"/>
</suite>
<statistics>
<total>
<stat pass="1" fail="0" skip="0">All Tests</stat>
</total>
<tag>
</tag>
<suite>
<stat name="HLK" id="s1" pass="1" fail="0" skip="0">HLK</stat>
</suite>
</statistics>
<errors>
</errors>
</robot>
